<?xml version="1.0" encoding="UTF-8"?>
<testng-results skipped="0" failed="1" total="2" passed="1">
  <reporter-output>
  </reporter-output>
  <suite name="Default suite" duration-ms="61175" started-at="2015-03-19T17:26:08Z" finished-at="2015-03-19T17:27:09Z">
    <groups>
    </groups>
    <test name="Default test" duration-ms="61175" started-at="2015-03-19T17:26:08Z" finished-at="2015-03-19T17:27:09Z">
      <class name="org.syed.zoomdroid.AppTest">
        <test-method status="PASS" signature="setUp()[pri:0, instance:org.syed.zoomdroid.AppTest@18515783]" name="setUp" is-config="true" duration-ms="10672" started-at="2015-03-19T22:56:08Z" finished-at="2015-03-19T22:56:18Z">
          <reporter-output>
          </reporter-output>
        </test-method> <!-- setUp -->
        <test-method status="FAIL" signature="locationName()[pri:0, instance:org.syed.zoomdroid.AppTest@18515783]" name="locationName" duration-ms="17462" started-at="2015-03-19T22:56:18Z" finished-at="2015-03-19T22:56:36Z">
          <exception class="java.lang.AssertionError">
            <message>
              <![CDATA[expected [Pune] but found [Bangalore]]]>
            </message>
            <full-stacktrace>
              <![CDATA[java.lang.AssertionError: expected [Pune] but found [Bangalore]
	at org.testng.Assert.fail(Assert.java:94)
	at org.testng.Assert.failNotEquals(Assert.java:494)
	at org.testng.Assert.assertEquals(Assert.java:123)
	at org.testng.Assert.assertEquals(Assert.java:176)
	at org.testng.Assert.assertEquals(Assert.java:186)
	at org.syed.zoomdroid.AppTest.locationName(AppTest.java:159)
	at sun.reflect.NativeMethodAccessorImpl.invoke0(Native Method)
	at sun.reflect.NativeMethodAccessorImpl.invoke(NativeMethodAccessorImpl.java:57)
	at sun.reflect.DelegatingMethodAccessorImpl.invoke(DelegatingMethodAccessorImpl.java:43)
	at java.lang.reflect.Method.invoke(Method.java:606)
	at org.testng.internal.MethodInvocationHelper.invokeMethod(MethodInvocationHelper.java:84)
	at org.testng.internal.Invoker.invokeMethod(Invoker.java:714)
	at org.testng.internal.Invoker.invokeTestMethod(Invoker.java:901)
	at org.testng.internal.Invoker.invokeTestMethods(Invoker.java:1231)
	at org.testng.internal.TestMethodWorker.invokeTestMethods(TestMethodWorker.java:127)
	at org.testng.internal.TestMethodWorker.run(TestMethodWorker.java:111)
	at org.testng.TestRunner.privateRun(TestRunner.java:767)
	at org.testng.TestRunner.run(TestRunner.java:617)
	at org.testng.SuiteRunner.runTest(SuiteRunner.java:334)
	at org.testng.SuiteRunner.runSequentially(SuiteRunner.java:329)
	at org.testng.SuiteRunner.privateRun(SuiteRunner.java:291)
	at org.testng.SuiteRunner.run(SuiteRunner.java:240)
	at org.testng.SuiteRunnerWorker.runSuite(SuiteRunnerWorker.java:52)
	at org.testng.SuiteRunnerWorker.run(SuiteRunnerWorker.java:86)
	at org.testng.TestNG.runSuitesSequentially(TestNG.java:1224)
	at org.testng.TestNG.runSuitesLocally(TestNG.java:1149)
	at org.testng.TestNG.run(TestNG.java:1057)
	at org.testng.remote.RemoteTestNG.run(RemoteTestNG.java:111)
	at org.testng.remote.RemoteTestNG.initAndRun(RemoteTestNG.java:204)
	at org.testng.remote.RemoteTestNG.main(RemoteTestNG.java:175)
]]>
            </full-stacktrace>
          </exception> <!-- java.lang.AssertionError -->
          <reporter-output>
          </reporter-output>
        </test-method> <!-- locationName -->
        <test-method status="PASS" signature="within24Booking()[pri:0, instance:org.syed.zoomdroid.AppTest@18515783]" name="within24Booking" duration-ms="32131" started-at="2015-03-19T22:56:36Z" finished-at="2015-03-19T22:57:08Z">
          <reporter-output>
          </reporter-output>
        </test-method> <!-- within24Booking -->
        <test-method status="PASS" signature="tearDown()[pri:0, instance:org.syed.zoomdroid.AppTest@18515783]" name="tearDown" is-config="true" duration-ms="877" started-at="2015-03-19T22:57:08Z" finished-at="2015-03-19T22:57:09Z">
          <reporter-output>
          </reporter-output>
        </test-method> <!-- tearDown -->
      </class> <!-- org.syed.zoomdroid.AppTest -->
    </test> <!-- Default test -->
  </suite> <!-- Default suite -->
</testng-results>
